

Microchip MPLAB XC8 Assembler V3.00 build 20241204225717 
                                                                                               Tue Jul 29 14:29:50 2025

Microchip MPLAB XC8 C Compiler v3.00 (Free license) build 20241204225717 Og1 
     1                           	processor	18F27Q43
     2                           	fnconf	rparam,??,?,0
     3                           	pagewidth 120
     4                           	opt	flic
     5                           	psect	cinit,global,reloc=2,class=CODE,space=0,delta=1
     6                           	psect	cstackCOMRAM,global,class=COMRAM,space=1,delta=1,lowdata,noexec
     7                           	psect	text0,global,reloc=2,class=CODE,space=0,delta=1
     8                           	psect	smallconst,global,reloc=2,class=SMALLCONST,space=0,delta=1,noexec
     9                           	psect	intsave_regs,global,class=BIGRAM,space=1,delta=1,noexec
    10                           	psect	rparam,global,class=COMRAM,space=1,delta=1,noexec
    11   000000                     
    12                           ; Generated 04/02/2025 GMT
    13                           ; 
    14                           ; Copyright © 2025, Microchip Technology Inc. and its subsidiaries ("Microchip")
    15                           ; All rights reserved.
    16                           ; 
    17                           ; This software is developed by Microchip Technology Inc. and its subsidiaries ("Microch
      +                          ip").
    18                           ; 
    19                           ; Redistribution and use in source and binary forms, with or without modification, are
    20                           ; permitted provided that the following conditions are met:
    21                           ; 
    22                           ;     1. Redistributions of source code must retain the above copyright notice, this lis
      +                          t of
    23                           ;        conditions and the following disclaimer.
    24                           ; 
    25                           ;     2. Redistributions in binary form must reproduce the above copyright notice, this 
      +                          list
    26                           ;        of conditions and the following disclaimer in the documentation and/or other
    27                           ;        materials provided with the distribution. Publication is not required when
    28                           ;        this file is used in an embedded application.
    29                           ; 
    30                           ;     3. Microchip's name may not be used to endorse or promote products derived from th
      +                          is
    31                           ;        software without specific prior written permission.
    32                           ; 
    33                           ; THIS SOFTWARE IS PROVIDED BY MICROCHIP "AS IS" AND ANY EXPRESS OR IMPLIED WARRANTIES,
    34                           ; INCLUDING, BUT NOT LIMITED TO, THE IMPLIED WARRANTIES OF MERCHANTABILITY AND FITNESS F
      +                          OR
    35                           ; PURPOSE ARE DISCLAIMED.  IN NO EVENT SHALL MICROCHIP BE LIABLE FOR ANY DIRECT, INDIREC
      +                          T,
    36                           ; INCIDENTAL, SPECIAL, EXEMPLARY, OR CONSEQUENTIAL DAMAGES (INCLUDING BUT NOT LIMITED TO
    37                           ; PROCUREMENT OF SUBSTITUTE GOODS OR SERVICES; LOSS OF USE, DATA OR PROFITS; OR BUSINESS
    38                           ; INTERRUPTION) HOWSOEVER CAUSED AND ON ANY THEORY OF LIABILITY, WHETHER IN CONTRACT, ST
      +                          RICT
    39                           ; LIABILITY, OR TORT (INCLUDING NEGLIGENCE OR OTHERWISE) ARISING IN ANY WAY OUT OF THE U
      +                          SE OF
    40                           ; THIS SOFTWARE, EVEN IF ADVISED OF THE POSSIBILITY OF SUCH DAMAGE.
    41                           ; 
    42                           ; 
    43                           ; Code-generator required, PIC18F27Q43 Definitions
    44                           ; 
    45                           ; SFR Addresses
    46   0004E0                     bsr             equ	1248
    47   0004E9                     fsr0            equ	1257
    48   0004EA                     fsr0h           equ	1258
    49   0004E9                     fsr0l           equ	1257
    50   0004E1                     fsr1            equ	1249
    51   0004E2                     fsr1h           equ	1250
    52   0004E1                     fsr1l           equ	1249
    53   0004D9                     fsr2            equ	1241
    54   0004DA                     fsr2h           equ	1242
    55   0004D9                     fsr2l           equ	1241
    56   0004EF                     indf0           equ	1263
    57   0004E7                     indf1           equ	1255
    58   0004DF                     indf2           equ	1247
    59   0004D6                     intcon          equ	1238
    60   000041                     nvmcon          equ	65
    61   0004F9                     pcl             equ	1273
    62   0004FA                     pclath          equ	1274
    63   0004FB                     pclatu          equ	1275
    64   0004EB                     plusw0          equ	1259
    65   0004E3                     plusw1          equ	1251
    66   0004DB                     plusw2          equ	1243
    67   0004ED                     postdec0        equ	1261
    68   0004E5                     postdec1        equ	1253
    69   0004DD                     postdec2        equ	1245
    70   0004EE                     postinc0        equ	1262
    71   0004E6                     postinc1        equ	1254
    72   0004DE                     postinc2        equ	1246
    73   0004EC                     preinc0         equ	1260
    74   0004E4                     preinc1         equ	1252
    75   0004DC                     preinc2         equ	1244
    76   0004F3                     prod            equ	1267
    77   0004F4                     prodh           equ	1268
    78   0004F3                     prodl           equ	1267
    79   0004D8                     status          equ	1240
    80   0004F5                     tablat          equ	1269
    81   0004F6                     tblptr          equ	1270
    82   0004F7                     tblptrh         equ	1271
    83   0004F6                     tblptrl         equ	1270
    84   0004F8                     tblptru         equ	1272
    85   0004FD                     tosl            equ	1277
    86   0004E8                     wreg            equ	1256
    87   000039                     CLKRCON         equ	57	;# 
    88   00003A                     CLKRCLK         equ	58	;# 
    89   000040                     NVMCON0         equ	64	;# 
    90   000041                     NVMCON1         equ	65	;# 
    91   000042                     NVMLOCK         equ	66	;# 
    92   000043                     NVMADR          equ	67	;# 
    93   000043                     NVMADRL         equ	67	;# 
    94   000044                     NVMADRH         equ	68	;# 
    95   000045                     NVMADRU         equ	69	;# 
    96   000046                     NVMDAT          equ	70	;# 
    97   000046                     NVMDATL         equ	70	;# 
    98   000047                     NVMDATH         equ	71	;# 
    99   000048                     VREGCON         equ	72	;# 
   100   000049                     BORCON          equ	73	;# 
   101   00004A                     HLVDCON0        equ	74	;# 
   102   00004B                     HLVDCON1        equ	75	;# 
   103   00004C                     ZCDCON          equ	76	;# 
   104   000060                     PMD0            equ	96	;# 
   105   000061                     PMD1            equ	97	;# 
   106   000063                     PMD3            equ	99	;# 
   107   000064                     PMD4            equ	100	;# 
   108   000065                     PMD5            equ	101	;# 
   109   000066                     PMD6            equ	102	;# 
   110   000067                     PMD7            equ	103	;# 
   111   000068                     PMD8            equ	104	;# 
   112   00006A                     MD1CON0         equ	106	;# 
   113   00006B                     MD1CON1         equ	107	;# 
   114   00006C                     MD1SRC          equ	108	;# 
   115   00006D                     MD1CARL         equ	109	;# 
   116   00006E                     MD1CARH         equ	110	;# 
   117   00006F                     CMOUT           equ	111	;# 
   118   000070                     CM1CON0         equ	112	;# 
   119   000071                     CM1CON1         equ	113	;# 
   120   000072                     CM1NCH          equ	114	;# 
   121   000073                     CM1PCH          equ	115	;# 
   122   000074                     CM2CON0         equ	116	;# 
   123   000075                     CM2CON1         equ	117	;# 
   124   000076                     CM2NCH          equ	118	;# 
   125   000077                     CM2PCH          equ	119	;# 
   126   000078                     WDTCON0         equ	120	;# 
   127   000079                     WDTCON1         equ	121	;# 
   128   00007A                     WDTPS           equ	122	;# 
   129   00007A                     WDTPSL          equ	122	;# 
   130   00007B                     WDTPSH          equ	123	;# 
   131   00007C                     WDTTMR          equ	124	;# 
   132   00007D                     DAC1DAT         equ	125	;# 
   133   00007D                     DAC1DATL        equ	125	;# 
   134   00007F                     DAC1CON         equ	127	;# 
   135   000080                     SPI1RXB         equ	128	;# 
   136   000081                     SPI1TXB         equ	129	;# 
   137   000082                     SPI1TCNT        equ	130	;# 
   138   000082                     SPI1TCNTL       equ	130	;# 
   139   000083                     SPI1TCNTH       equ	131	;# 
   140   000084                     SPI1CON0        equ	132	;# 
   141   000085                     SPI1CON1        equ	133	;# 
   142   000086                     SPI1CON2        equ	134	;# 
   143   000087                     SPI1STATUS      equ	135	;# 
   144   000088                     SPI1TWIDTH      equ	136	;# 
   145   000089                     SPI1BAUD        equ	137	;# 
   146   00008A                     SPI1INTF        equ	138	;# 
   147   00008B                     SPI1INTE        equ	139	;# 
   148   00008C                     SPI1CLK         equ	140	;# 
   149   00008D                     SPI2RXB         equ	141	;# 
   150   00008E                     SPI2TXB         equ	142	;# 
   151   00008F                     SPI2TCNT        equ	143	;# 
   152   00008F                     SPI2TCNTL       equ	143	;# 
   153   000090                     SPI2TCNTH       equ	144	;# 
   154   000091                     SPI2CON0        equ	145	;# 
   155   000092                     SPI2CON1        equ	146	;# 
   156   000093                     SPI2CON2        equ	147	;# 
   157   000094                     SPI2STATUS      equ	148	;# 
   158   000095                     SPI2TWIDTH      equ	149	;# 
   159   000096                     SPI2BAUD        equ	150	;# 
   160   000097                     SPI2INTF        equ	151	;# 
   161   000098                     SPI2INTE        equ	152	;# 
   162   000099                     SPI2CLK         equ	153	;# 
   163   0000AC                     ACTCON          equ	172	;# 
   164   0000AD                     OSCCON1         equ	173	;# 
   165   0000AE                     OSCCON2         equ	174	;# 
   166   0000AF                     OSCCON3         equ	175	;# 
   167   0000B0                     OSCTUNE         equ	176	;# 
   168   0000B1                     OSCFRQ          equ	177	;# 
   169   0000B1                     OSCFREQ         equ	177	;# 
   170   0000B2                     OSCSTAT         equ	178	;# 
   171   0000B2                     OSCSTAT1        equ	178	;# 
   172   0000B3                     OSCEN           equ	179	;# 
   173   0000B4                     PRLOCK          equ	180	;# 
   174   0000B5                     SCANPR          equ	181	;# 
   175   0000B6                     DMA1PR          equ	182	;# 
   176   0000B7                     DMA2PR          equ	183	;# 
   177   0000B8                     DMA3PR          equ	184	;# 
   178   0000B9                     DMA4PR          equ	185	;# 
   179   0000BA                     DMA5PR          equ	186	;# 
   180   0000BB                     DMA6PR          equ	187	;# 
   181   0000BE                     MAINPR          equ	190	;# 
   182   0000BF                     ISRPR           equ	191	;# 
   183   0000D4                     CLCDATA         equ	212	;# 
   184   0000D5                     CLCSELECT       equ	213	;# 
   185   0000D6                     CLCnCON         equ	214	;# 
   186   0000D7                     CLCnPOL         equ	215	;# 
   187   0000D8                     CLCnSEL0        equ	216	;# 
   188   0000D9                     CLCnSEL1        equ	217	;# 
   189   0000DA                     CLCnSEL2        equ	218	;# 
   190   0000DB                     CLCnSEL3        equ	219	;# 
   191   0000DC                     CLCnGLS0        equ	220	;# 
   192   0000DD                     CLCnGLS1        equ	221	;# 
   193   0000DE                     CLCnGLS2        equ	222	;# 
   194   0000DF                     CLCnGLS3        equ	223	;# 
   195   0000E8                     DMASELECT       equ	232	;# 
   196   0000E9                     DMAnBUF         equ	233	;# 
   197   0000EA                     DMAnDCNT        equ	234	;# 
   198   0000EA                     DMAnDCNTL       equ	234	;# 
   199   0000EB                     DMAnDCNTH       equ	235	;# 
   200   0000EC                     DMAnDPTR        equ	236	;# 
   201   0000EC                     DMAnDPTRL       equ	236	;# 
   202   0000ED                     DMAnDPTRH       equ	237	;# 
   203   0000EE                     DMAnDSZ         equ	238	;# 
   204   0000EE                     DMAnDSZL        equ	238	;# 
   205   0000EF                     DMAnDSZH        equ	239	;# 
   206   0000F0                     DMAnDSA         equ	240	;# 
   207   0000F0                     DMAnDSAL        equ	240	;# 
   208   0000F1                     DMAnDSAH        equ	241	;# 
   209   0000F2                     DMAnSCNT        equ	242	;# 
   210   0000F2                     DMAnSCNTL       equ	242	;# 
   211   0000F3                     DMAnSCNTH       equ	243	;# 
   212   0000F4                     DMAnSPTR        equ	244	;# 
   213   0000F4                     DMAnSPTRL       equ	244	;# 
   214   0000F5                     DMAnSPTRH       equ	245	;# 
   215   0000F6                     DMAnSPTRU       equ	246	;# 
   216   0000F7                     DMAnSSZ         equ	247	;# 
   217   0000F7                     DMAnSSZL        equ	247	;# 
   218   0000F8                     DMAnSSZH        equ	248	;# 
   219   0000F9                     DMAnSSA         equ	249	;# 
   220   0000F9                     DMAnSSAL        equ	249	;# 
   221   0000FA                     DMAnSSAH        equ	250	;# 
   222   0000FB                     DMAnSSAU        equ	251	;# 
   223   0000FC                     DMAnCON0        equ	252	;# 
   224   0000FD                     DMAnCON1        equ	253	;# 
   225   0000FE                     DMAnAIRQ        equ	254	;# 
   226   0000FF                     DMAnSIRQ        equ	255	;# 
   227   000200                     PPSLOCK         equ	512	;# 
   228   000201                     RA0PPS          equ	513	;# 
   229   000202                     RA1PPS          equ	514	;# 
   230   000203                     RA2PPS          equ	515	;# 
   231   000204                     RA3PPS          equ	516	;# 
   232   000205                     RA4PPS          equ	517	;# 
   233   000206                     RA5PPS          equ	518	;# 
   234   000207                     RA6PPS          equ	519	;# 
   235   000208                     RA7PPS          equ	520	;# 
   236   000209                     RB0PPS          equ	521	;# 
   237   00020A                     RB1PPS          equ	522	;# 
   238   00020B                     RB2PPS          equ	523	;# 
   239   00020C                     RB3PPS          equ	524	;# 
   240   00020D                     RB4PPS          equ	525	;# 
   241   00020E                     RB5PPS          equ	526	;# 
   242   00020F                     RB6PPS          equ	527	;# 
   243   000210                     RB7PPS          equ	528	;# 
   244   000211                     RC0PPS          equ	529	;# 
   245   000212                     RC1PPS          equ	530	;# 
   246   000213                     RC2PPS          equ	531	;# 
   247   000214                     RC3PPS          equ	532	;# 
   248   000215                     RC4PPS          equ	533	;# 
   249   000216                     RC5PPS          equ	534	;# 
   250   000217                     RC6PPS          equ	535	;# 
   251   000218                     RC7PPS          equ	536	;# 
   252   00023E                     INT0PPS         equ	574	;# 
   253   00023F                     INT1PPS         equ	575	;# 
   254   000240                     INT2PPS         equ	576	;# 
   255   000241                     T0CKIPPS        equ	577	;# 
   256   000242                     T1CKIPPS        equ	578	;# 
   257   000243                     T1GPPS          equ	579	;# 
   258   000244                     T3CKIPPS        equ	580	;# 
   259   000245                     T3GPPS          equ	581	;# 
   260   000246                     T5CKIPPS        equ	582	;# 
   261   000247                     T5GPPS          equ	583	;# 
   262   000248                     T2INPPS         equ	584	;# 
   263   000249                     T4INPPS         equ	585	;# 
   264   00024A                     T6INPPS         equ	586	;# 
   265   00024F                     CCP1PPS         equ	591	;# 
   266   000250                     CCP2PPS         equ	592	;# 
   267   000251                     CCP3PPS         equ	593	;# 
   268   000253                     PWM1ERSPPS      equ	595	;# 
   269   000254                     PWM2ERSPPS      equ	596	;# 
   270   000255                     PWM3ERSPPS      equ	597	;# 
   271   000257                     PWMIN0PPS       equ	599	;# 
   272   000258                     PWMIN1PPS       equ	600	;# 
   273   000259                     SMT1WINPPS      equ	601	;# 
   274   00025A                     SMT1SIGPPS      equ	602	;# 
   275   00025B                     CWG1PPS         equ	603	;# 
   276   00025B                     CWG1INPPS       equ	603	;# 
   277   00025C                     CWG2PPS         equ	604	;# 
   278   00025C                     CWG2INPPS       equ	604	;# 
   279   00025D                     CWG3PPS         equ	605	;# 
   280   00025D                     CWG3INPPS       equ	605	;# 
   281   00025E                     MD1CARLPPS      equ	606	;# 
   282   00025E                     MDCARLPPS       equ	606	;# 
   283   00025F                     MD1CARHPPS      equ	607	;# 
   284   00025F                     MDCARHPPS       equ	607	;# 
   285   000260                     MD1SRCPPS       equ	608	;# 
   286   000260                     MDSRCPPS        equ	608	;# 
   287   000261                     CLCIN0PPS       equ	609	;# 
   288   000262                     CLCIN1PPS       equ	610	;# 
   289   000263                     CLCIN2PPS       equ	611	;# 
   290   000264                     CLCIN3PPS       equ	612	;# 
   291   000265                     CLCIN4PPS       equ	613	;# 
   292   000266                     CLCIN5PPS       equ	614	;# 
   293   000267                     CLCIN6PPS       equ	615	;# 
   294   000268                     CLCIN7PPS       equ	616	;# 
   295   000269                     ADACTPPS        equ	617	;# 
   296   00026A                     SPI1SCKPPS      equ	618	;# 
   297   00026B                     SPI1SDIPPS      equ	619	;# 
   298   00026C                     SPI1SSPPS       equ	620	;# 
   299   00026D                     SPI2SCKPPS      equ	621	;# 
   300   00026E                     SPI2SDIPPS      equ	622	;# 
   301   00026F                     SPI2SSPPS       equ	623	;# 
   302   000270                     I2C1SDAPPS      equ	624	;# 
   303   000271                     I2C1SCLPPS      equ	625	;# 
   304   000272                     U1RXPPS         equ	626	;# 
   305   000273                     U1CTSPPS        equ	627	;# 
   306   000274                     U2RXPPS         equ	628	;# 
   307   000275                     U2CTSPPS        equ	629	;# 
   308   000276                     U3RXPPS         equ	630	;# 
   309   000277                     U3CTSPPS        equ	631	;# 
   310   000278                     U4RXPPS         equ	632	;# 
   311   000279                     U4CTSPPS        equ	633	;# 
   312   00027A                     U5RXPPS         equ	634	;# 
   313   00027B                     U5CTSPPS        equ	635	;# 
   314   000286                     RC4I2C          equ	646	;# 
   315   000287                     RC3I2C          equ	647	;# 
   316   000288                     RB2I2C          equ	648	;# 
   317   000289                     RB1I2C          equ	649	;# 
   318   00028B                     I2C1RXB         equ	651	;# 
   319   00028C                     I2C1TXB         equ	652	;# 
   320   00028D                     I2C1CNT         equ	653	;# 
   321   00028E                     I2C1ADB0        equ	654	;# 
   322   00028F                     I2C1ADB1        equ	655	;# 
   323   000290                     I2C1ADR0        equ	656	;# 
   324   000291                     I2C1ADR1        equ	657	;# 
   325   000292                     I2C1ADR2        equ	658	;# 
   326   000293                     I2C1ADR3        equ	659	;# 
   327   000294                     I2C1CON0        equ	660	;# 
   328   000295                     I2C1CON1        equ	661	;# 
   329   000296                     I2C1CON2        equ	662	;# 
   330   000297                     I2C1ERR         equ	663	;# 
   331   000298                     I2C1STAT0       equ	664	;# 
   332   000299                     I2C1STAT1       equ	665	;# 
   333   00029A                     I2C1PIR         equ	666	;# 
   334   00029B                     I2C1PIE         equ	667	;# 
   335   00029C                     I2C1CLK         equ	668	;# 
   336   00029D                     I2C1BTO         equ	669	;# 
   337   0002A1                     U1RXB           equ	673	;# 
   338   0002A1                     U1RXBL          equ	673	;# 
   339   0002A2                     U1RXCHK         equ	674	;# 
   340   0002A3                     U1TXB           equ	675	;# 
   341   0002A3                     U1TXBL          equ	675	;# 
   342   0002A4                     U1TXCHK         equ	676	;# 
   343   0002A5                     U1P1            equ	677	;# 
   344   0002A5                     U1P1L           equ	677	;# 
   345   0002A6                     U1P1H           equ	678	;# 
   346   0002A7                     U1P2            equ	679	;# 
   347   0002A7                     U1P2L           equ	679	;# 
   348   0002A8                     U1P2H           equ	680	;# 
   349   0002A9                     U1P3            equ	681	;# 
   350   0002A9                     U1P3L           equ	681	;# 
   351   0002AA                     U1P3H           equ	682	;# 
   352   0002AB                     U1CON0          equ	683	;# 
   353   0002AC                     U1CON1          equ	684	;# 
   354   0002AD                     U1CON2          equ	685	;# 
   355   0002AE                     U1BRG           equ	686	;# 
   356   0002AE                     U1BRGL          equ	686	;# 
   357   0002AF                     U1BRGH          equ	687	;# 
   358   0002B0                     U1FIFO          equ	688	;# 
   359   0002B1                     U1UIR           equ	689	;# 
   360   0002B2                     U1ERRIR         equ	690	;# 
   361   0002B3                     U1ERRIE         equ	691	;# 
   362   0002B4                     U2RXB           equ	692	;# 
   363   0002B4                     U2RXBL          equ	692	;# 
   364   0002B6                     U2TXB           equ	694	;# 
   365   0002B6                     U2TXBL          equ	694	;# 
   366   0002B8                     U2P1            equ	696	;# 
   367   0002B8                     U2P1L           equ	696	;# 
   368   0002BA                     U2P2            equ	698	;# 
   369   0002BA                     U2P2L           equ	698	;# 
   370   0002BC                     U2P3            equ	700	;# 
   371   0002BC                     U2P3L           equ	700	;# 
   372   0002BE                     U2CON0          equ	702	;# 
   373   0002BF                     U2CON1          equ	703	;# 
   374   0002C0                     U2CON2          equ	704	;# 
   375   0002C1                     U2BRG           equ	705	;# 
   376   0002C1                     U2BRGL          equ	705	;# 
   377   0002C2                     U2BRGH          equ	706	;# 
   378   0002C3                     U2FIFO          equ	707	;# 
   379   0002C4                     U2UIR           equ	708	;# 
   380   0002C5                     U2ERRIR         equ	709	;# 
   381   0002C6                     U2ERRIE         equ	710	;# 
   382   0002C7                     U3RXB           equ	711	;# 
   383   0002C7                     U3RXBL          equ	711	;# 
   384   0002C9                     U3TXB           equ	713	;# 
   385   0002C9                     U3TXBL          equ	713	;# 
   386   0002CB                     U3P1            equ	715	;# 
   387   0002CB                     U3P1L           equ	715	;# 
   388   0002CD                     U3P2            equ	717	;# 
   389   0002CD                     U3P2L           equ	717	;# 
   390   0002CF                     U3P3            equ	719	;# 
   391   0002CF                     U3P3L           equ	719	;# 
   392   0002D1                     U3CON0          equ	721	;# 
   393   0002D2                     U3CON1          equ	722	;# 
   394   0002D3                     U3CON2          equ	723	;# 
   395   0002D4                     U3BRG           equ	724	;# 
   396   0002D4                     U3BRGL          equ	724	;# 
   397   0002D5                     U3BRGH          equ	725	;# 
   398   0002D6                     U3FIFO          equ	726	;# 
   399   0002D7                     U3UIR           equ	727	;# 
   400   0002D8                     U3ERRIR         equ	728	;# 
   401   0002D9                     U3ERRIE         equ	729	;# 
   402   0002DA                     U4RXB           equ	730	;# 
   403   0002DA                     U4RXBL          equ	730	;# 
   404   0002DC                     U4TXB           equ	732	;# 
   405   0002DC                     U4TXBL          equ	732	;# 
   406   0002DE                     U4P1            equ	734	;# 
   407   0002DE                     U4P1L           equ	734	;# 
   408   0002E0                     U4P2            equ	736	;# 
   409   0002E0                     U4P2L           equ	736	;# 
   410   0002E2                     U4P3            equ	738	;# 
   411   0002E2                     U4P3L           equ	738	;# 
   412   0002E4                     U4CON0          equ	740	;# 
   413   0002E5                     U4CON1          equ	741	;# 
   414   0002E6                     U4CON2          equ	742	;# 
   415   0002E7                     U4BRG           equ	743	;# 
   416   0002E7                     U4BRGL          equ	743	;# 
   417   0002E8                     U4BRGH          equ	744	;# 
   418   0002E9                     U4FIFO          equ	745	;# 
   419   0002EA                     U4UIR           equ	746	;# 
   420   0002EB                     U4ERRIR         equ	747	;# 
   421   0002EC                     U4ERRIE         equ	748	;# 
   422   0002ED                     U5RXB           equ	749	;# 
   423   0002ED                     U5RXBL          equ	749	;# 
   424   0002EF                     U5TXB           equ	751	;# 
   425   0002EF                     U5TXBL          equ	751	;# 
   426   0002F1                     U5P1            equ	753	;# 
   427   0002F1                     U5P1L           equ	753	;# 
   428   0002F3                     U5P2            equ	755	;# 
   429   0002F3                     U5P2L           equ	755	;# 
   430   0002F5                     U5P3            equ	757	;# 
   431   0002F5                     U5P3L           equ	757	;# 
   432   0002F7                     U5CON0          equ	759	;# 
   433   0002F8                     U5CON1          equ	760	;# 
   434   0002F9                     U5CON2          equ	761	;# 
   435   0002FA                     U5BRG           equ	762	;# 
   436   0002FA                     U5BRGL          equ	762	;# 
   437   0002FB                     U5BRGH          equ	763	;# 
   438   0002FC                     U5FIFO          equ	764	;# 
   439   0002FD                     U5UIR           equ	765	;# 
   440   0002FE                     U5ERRIR         equ	766	;# 
   441   0002FF                     U5ERRIE         equ	767	;# 
   442   000300                     SMT1TMR         equ	768	;# 
   443   000300                     SMT1TMRL        equ	768	;# 
   444   000301                     SMT1TMRH        equ	769	;# 
   445   000302                     SMT1TMRU        equ	770	;# 
   446   000303                     SMT1CPR         equ	771	;# 
   447   000303                     SMT1CPRL        equ	771	;# 
   448   000304                     SMT1CPRH        equ	772	;# 
   449   000305                     SMT1CPRU        equ	773	;# 
   450   000306                     SMT1CPW         equ	774	;# 
   451   000306                     SMT1CPWL        equ	774	;# 
   452   000307                     SMT1CPWH        equ	775	;# 
   453   000308                     SMT1CPWU        equ	776	;# 
   454   000309                     SMT1PR          equ	777	;# 
   455   000309                     SMT1PRL         equ	777	;# 
   456   00030A                     SMT1PRH         equ	778	;# 
   457   00030B                     SMT1PRU         equ	779	;# 
   458   00030C                     SMT1CON0        equ	780	;# 
   459   00030D                     SMT1CON1        equ	781	;# 
   460   00030E                     SMT1STAT        equ	782	;# 
   461   00030F                     SMT1CLK         equ	783	;# 
   462   000310                     SMT1SIG         equ	784	;# 
   463   000311                     SMT1WIN         equ	785	;# 
   464   000318                     TMR0L           equ	792	;# 
   465   000318                     TMR0            equ	792	;# 
   466   000319                     TMR0H           equ	793	;# 
   467   000319                     PR0             equ	793	;# 
   468   00031A                     T0CON0          equ	794	;# 
   469   00031B                     T0CON1          equ	795	;# 
   470   00031C                     TMR1            equ	796	;# 
   471   00031C                     TMR1L           equ	796	;# 
   472   00031D                     TMR1H           equ	797	;# 
   473   00031E                     T1CON           equ	798	;# 
   474   00031E                     TMR1CON         equ	798	;# 
   475   00031F                     T1GCON          equ	799	;# 
   476   00031F                     TMR1GCON        equ	799	;# 
   477   000320                     T1GATE          equ	800	;# 
   478   000320                     TMR1GATE        equ	800	;# 
   479   000321                     T1CLK           equ	801	;# 
   480   000321                     TMR1CLK         equ	801	;# 
   481   000321                     PR1             equ	801	;# 
   482   000322                     T2TMR           equ	802	;# 
   483   000322                     TMR2            equ	802	;# 
   484   000323                     T2PR            equ	803	;# 
   485   000323                     PR2             equ	803	;# 
   486   000324                     T2CON           equ	804	;# 
   487   000325                     T2HLT           equ	805	;# 
   488   000326                     T2CLKCON        equ	806	;# 
   489   000326                     T2CLK           equ	806	;# 
   490   000327                     T2RST           equ	807	;# 
   491   000328                     TMR3            equ	808	;# 
   492   000328                     TMR3L           equ	808	;# 
   493   000329                     TMR3H           equ	809	;# 
   494   00032A                     T3CON           equ	810	;# 
   495   00032A                     TMR3CON         equ	810	;# 
   496   00032B                     T3GCON          equ	811	;# 
   497   00032B                     TMR3GCON        equ	811	;# 
   498   00032C                     T3GATE          equ	812	;# 
   499   00032C                     TMR3GATE        equ	812	;# 
   500   00032D                     T3CLK           equ	813	;# 
   501   00032D                     TMR3CLK         equ	813	;# 
   502   00032D                     PR3             equ	813	;# 
   503   00032E                     T4TMR           equ	814	;# 
   504   00032E                     TMR4            equ	814	;# 
   505   00032F                     T4PR            equ	815	;# 
   506   00032F                     PR4             equ	815	;# 
   507   000330                     T4CON           equ	816	;# 
   508   000331                     T4HLT           equ	817	;# 
   509   000332                     T4CLKCON        equ	818	;# 
   510   000332                     T4CLK           equ	818	;# 
   511   000333                     T4RST           equ	819	;# 
   512   000334                     TMR5            equ	820	;# 
   513   000334                     TMR5L           equ	820	;# 
   514   000335                     TMR5H           equ	821	;# 
   515   000336                     T5CON           equ	822	;# 
   516   000336                     TMR5CON         equ	822	;# 
   517   000337                     T5GCON          equ	823	;# 
   518   000337                     TMR5GCON        equ	823	;# 
   519   000338                     T5GATE          equ	824	;# 
   520   000338                     TMR5GATE        equ	824	;# 
   521   000339                     T5CLK           equ	825	;# 
   522   000339                     TMR5CLK         equ	825	;# 
   523   000339                     PR5             equ	825	;# 
   524   00033A                     T6TMR           equ	826	;# 
   525   00033A                     TMR6            equ	826	;# 
   526   00033B                     T6PR            equ	827	;# 
   527   00033B                     PR6             equ	827	;# 
   528   00033C                     T6CON           equ	828	;# 
   529   00033D                     T6HLT           equ	829	;# 
   530   00033E                     T6CLKCON        equ	830	;# 
   531   00033E                     T6CLK           equ	830	;# 
   532   00033F                     T6RST           equ	831	;# 
   533   000340                     CCPR1           equ	832	;# 
   534   000340                     CCPR1L          equ	832	;# 
   535   000341                     CCPR1H          equ	833	;# 
   536   000342                     CCP1CON         equ	834	;# 
   537   000343                     CCP1CAP         equ	835	;# 
   538   000344                     CCPR2           equ	836	;# 
   539   000344                     CCPR2L          equ	836	;# 
   540   000345                     CCPR2H          equ	837	;# 
   541   000346                     CCP2CON         equ	838	;# 
   542   000347                     CCP2CAP         equ	839	;# 
   543   000348                     CCPR3           equ	840	;# 
   544   000348                     CCPR3L          equ	840	;# 
   545   000349                     CCPR3H          equ	841	;# 
   546   00034A                     CCP3CON         equ	842	;# 
   547   00034B                     CCP3CAP         equ	843	;# 
   548   00034C                     CCPTMRS0        equ	844	;# 
   549   00034F                     CRCDATA         equ	847	;# 
   550   00034F                     CRCDATL         equ	847	;# 
   551   000350                     CRCDATH         equ	848	;# 
   552   000351                     CRCACC          equ	849	;# 
   553   000351                     CRCACCL         equ	849	;# 
   554   000352                     CRCACCH         equ	850	;# 
   555   000353                     CRCSHFT         equ	851	;# 
   556   000353                     CRCSHIFTL       equ	851	;# 
   557   000354                     CRCSHIFTH       equ	852	;# 
   558   000355                     CRCXOR          equ	853	;# 
   559   000355                     CRCXORL         equ	853	;# 
   560   000356                     CRCXORH         equ	854	;# 
   561   000357                     CRCCON0         equ	855	;# 
   562   000358                     CRCCON1         equ	856	;# 
   563   00035A                     SCANLADR        equ	858	;# 
   564   00035A                     SCANLADRL       equ	858	;# 
   565   00035B                     SCANLADRH       equ	859	;# 
   566   00035C                     SCANLADRU       equ	860	;# 
   567   00035D                     SCANHADR        equ	861	;# 
   568   00035D                     SCANHADRL       equ	861	;# 
   569   00035E                     SCANHADRH       equ	862	;# 
   570   00035F                     SCANHADRU       equ	863	;# 
   571   000360                     SCANCON0        equ	864	;# 
   572   000361                     SCANTRIG        equ	865	;# 
   573   000362                     IPR0            equ	866	;# 
   574   000363                     IPR1            equ	867	;# 
   575   000364                     IPR2            equ	868	;# 
   576   000365                     IPR3            equ	869	;# 
   577   000366                     IPR4            equ	870	;# 
   578   000367                     IPR5            equ	871	;# 
   579   000368                     IPR6            equ	872	;# 
   580   000369                     IPR7            equ	873	;# 
   581   00036A                     IPR8            equ	874	;# 
   582   00036B                     IPR9            equ	875	;# 
   583   00036C                     IPR10           equ	876	;# 
   584   00036D                     IPR11           equ	877	;# 
   585   00036E                     IPR12           equ	878	;# 
   586   00036F                     IPR13           equ	879	;# 
   587   000370                     IPR14           equ	880	;# 
   588   000371                     IPR15           equ	881	;# 
   589   000373                     STATUS_CSHAD    equ	883	;# 
   590   000374                     WREG_CSHAD      equ	884	;# 
   591   000375                     BSR_CSHAD       equ	885	;# 
   592   000376                     SHADCON         equ	886	;# 
   593   000377                     STATUS_SHAD     equ	887	;# 
   594   000378                     WREG_SHAD       equ	888	;# 
   595   000379                     BSR_SHAD        equ	889	;# 
   596   00037A                     PCLATH_SHAD     equ	890	;# 
   597   00037B                     PCLATU_SHAD     equ	891	;# 
   598   00037C                     FSR0SH          equ	892	;# 
   599   00037C                     FSR0L_SHAD      equ	892	;# 
   600   00037D                     FSR0H_SHAD      equ	893	;# 
   601   00037E                     FSR1SH          equ	894	;# 
   602   00037E                     FSR1L_SHAD      equ	894	;# 
   603   00037F                     FSR1H_SHAD      equ	895	;# 
   604   000380                     FSR2SH          equ	896	;# 
   605   000380                     FSR2L_SHAD      equ	896	;# 
   606   000381                     FSR2H_SHAD      equ	897	;# 
   607   000382                     PRODSH          equ	898	;# 
   608   000382                     PRODL_SHAD      equ	898	;# 
   609   000383                     PRODH_SHAD      equ	899	;# 
   610   0003BC                     CWG1CLK         equ	956	;# 
   611   0003BC                     CWG1CLKCON      equ	956	;# 
   612   0003BD                     CWG1ISM         equ	957	;# 
   613   0003BD                     CWG1DAT         equ	957	;# 
   614   0003BE                     CWG1DBR         equ	958	;# 
   615   0003BF                     CWG1DBF         equ	959	;# 
   616   0003C0                     CWG1CON0        equ	960	;# 
   617   0003C1                     CWG1CON1        equ	961	;# 
   618   0003C2                     CWG1AS0         equ	962	;# 
   619   0003C3                     CWG1AS1         equ	963	;# 
   620   0003C4                     CWG1STR         equ	964	;# 
   621   0003C5                     CWG2CLK         equ	965	;# 
   622   0003C5                     CWG2CLKCON      equ	965	;# 
   623   0003C6                     CWG2ISM         equ	966	;# 
   624   0003C6                     CWG2DAT         equ	966	;# 
   625   0003C7                     CWG2DBR         equ	967	;# 
   626   0003C8                     CWG2DBF         equ	968	;# 
   627   0003C9                     CWG2CON0        equ	969	;# 
   628   0003CA                     CWG2CON1        equ	970	;# 
   629   0003CB                     CWG2AS0         equ	971	;# 
   630   0003CC                     CWG2AS1         equ	972	;# 
   631   0003CD                     CWG2STR         equ	973	;# 
   632   0003CE                     CWG3CLK         equ	974	;# 
   633   0003CE                     CWG3CLKCON      equ	974	;# 
   634   0003CF                     CWG3ISM         equ	975	;# 
   635   0003CF                     CWG3DAT         equ	975	;# 
   636   0003D0                     CWG3DBR         equ	976	;# 
   637   0003D1                     CWG3DBF         equ	977	;# 
   638   0003D2                     CWG3CON0        equ	978	;# 
   639   0003D3                     CWG3CON1        equ	979	;# 
   640   0003D4                     CWG3AS0         equ	980	;# 
   641   0003D5                     CWG3AS1         equ	981	;# 
   642   0003D6                     CWG3STR         equ	982	;# 
   643   0003D7                     FVRCON          equ	983	;# 
   644   0003D8                     ADCPCON         equ	984	;# 
   645   0003D8                     ADCP            equ	984	;# 
   646   0003D9                     ADLTH           equ	985	;# 
   647   0003D9                     ADLTHL          equ	985	;# 
   648   0003DA                     ADLTHH          equ	986	;# 
   649   0003DB                     ADUTH           equ	987	;# 
   650   0003DB                     ADUTHL          equ	987	;# 
   651   0003DC                     ADUTHH          equ	988	;# 
   652   0003DD                     ADERR           equ	989	;# 
   653   0003DD                     ADERRL          equ	989	;# 
   654   0003DE                     ADERRH          equ	990	;# 
   655   0003DF                     ADSTPT          equ	991	;# 
   656   0003DF                     ADSTPTL         equ	991	;# 
   657   0003E0                     ADSTPTH         equ	992	;# 
   658   0003E1                     ADFLTR          equ	993	;# 
   659   0003E1                     ADFLTRL         equ	993	;# 
   660   0003E2                     ADFLTRH         equ	994	;# 
   661   0003E3                     ADACC           equ	995	;# 
   662   0003E3                     ADACCL          equ	995	;# 
   663   0003E4                     ADACCH          equ	996	;# 
   664   0003E5                     ADACCU          equ	997	;# 
   665   0003E6                     ADCNT           equ	998	;# 
   666   0003E7                     ADRPT           equ	999	;# 
   667   0003E8                     ADPREV          equ	1000	;# 
   668   0003E8                     ADPREVL         equ	1000	;# 
   669   0003E9                     ADPREVH         equ	1001	;# 
   670   0003EA                     ADRES           equ	1002	;# 
   671   0003EA                     ADRESL          equ	1002	;# 
   672   0003EB                     ADRESH          equ	1003	;# 
   673   0003EC                     ADPCH           equ	1004	;# 
   674   0003EE                     ADACQ           equ	1006	;# 
   675   0003EE                     ADACQL          equ	1006	;# 
   676   0003EF                     ADACQH          equ	1007	;# 
   677   0003F0                     ADCAP           equ	1008	;# 
   678   0003F1                     ADPRE           equ	1009	;# 
   679   0003F1                     ADPREL          equ	1009	;# 
   680   0003F2                     ADPREH          equ	1010	;# 
   681   0003F3                     ADCON0          equ	1011	;# 
   682   0003F4                     ADCON1          equ	1012	;# 
   683   0003F5                     ADCON2          equ	1013	;# 
   684   0003F6                     ADCON3          equ	1014	;# 
   685   0003F7                     ADSTAT          equ	1015	;# 
   686   0003F8                     ADREF           equ	1016	;# 
   687   0003F9                     ADACT           equ	1017	;# 
   688   0003FA                     ADCLK           equ	1018	;# 
   689   000400                     ANSELA          equ	1024	;# 
   690   000401                     WPUA            equ	1025	;# 
   691   000402                     ODCONA          equ	1026	;# 
   692   000403                     SLRCONA         equ	1027	;# 
   693   000404                     INLVLA          equ	1028	;# 
   694   000405                     IOCAP           equ	1029	;# 
   695   000406                     IOCAN           equ	1030	;# 
   696   000407                     IOCAF           equ	1031	;# 
   697   000408                     ANSELB          equ	1032	;# 
   698   000409                     WPUB            equ	1033	;# 
   699   00040A                     ODCONB          equ	1034	;# 
   700   00040B                     SLRCONB         equ	1035	;# 
   701   00040C                     INLVLB          equ	1036	;# 
   702   00040D                     IOCBP           equ	1037	;# 
   703   00040E                     IOCBN           equ	1038	;# 
   704   00040F                     IOCBF           equ	1039	;# 
   705   000410                     ANSELC          equ	1040	;# 
   706   000411                     WPUC            equ	1041	;# 
   707   000412                     ODCONC          equ	1042	;# 
   708   000413                     SLRCONC         equ	1043	;# 
   709   000414                     INLVLC          equ	1044	;# 
   710   000415                     IOCCP           equ	1045	;# 
   711   000416                     IOCCN           equ	1046	;# 
   712   000417                     IOCCF           equ	1047	;# 
   713   000420                     ANSELE          equ	1056	;# 
   714   000421                     WPUE            equ	1057	;# 
   715   000422                     ODCONE          equ	1058	;# 
   716   000423                     SLRCONE         equ	1059	;# 
   717   000424                     INLVLE          equ	1060	;# 
   718   000425                     IOCEP           equ	1061	;# 
   719   000426                     IOCEN           equ	1062	;# 
   720   000427                     IOCEF           equ	1063	;# 
   721   000440                     NCO1ACC         equ	1088	;# 
   722   000440                     NCO1ACCL        equ	1088	;# 
   723   000441                     NCO1ACCH        equ	1089	;# 
   724   000442                     NCO1ACCU        equ	1090	;# 
   725   000443                     NCO1INC         equ	1091	;# 
   726   000443                     NCO1INCL        equ	1091	;# 
   727   000444                     NCO1INCH        equ	1092	;# 
   728   000445                     NCO1INCU        equ	1093	;# 
   729   000446                     NCO1CON         equ	1094	;# 
   730   000447                     NCO1CLK         equ	1095	;# 
   731   000448                     NCO2ACC         equ	1096	;# 
   732   000448                     NCO2ACCL        equ	1096	;# 
   733   000449                     NCO2ACCH        equ	1097	;# 
   734   00044A                     NCO2ACCU        equ	1098	;# 
   735   00044B                     NCO2INC         equ	1099	;# 
   736   00044B                     NCO2INCL        equ	1099	;# 
   737   00044C                     NCO2INCH        equ	1100	;# 
   738   00044D                     NCO2INCU        equ	1101	;# 
   739   00044E                     NCO2CON         equ	1102	;# 
   740   00044F                     NCO2CLK         equ	1103	;# 
   741   000450                     NCO3ACC         equ	1104	;# 
   742   000450                     NCO3ACCL        equ	1104	;# 
   743   000451                     NCO3ACCH        equ	1105	;# 
   744   000452                     NCO3ACCU        equ	1106	;# 
   745   000453                     NCO3INC         equ	1107	;# 
   746   000453                     NCO3INCL        equ	1107	;# 
   747   000454                     NCO3INCH        equ	1108	;# 
   748   000455                     NCO3INCU        equ	1109	;# 
   749   000456                     NCO3CON         equ	1110	;# 
   750   000457                     NCO3CLK         equ	1111	;# 
   751   000459                     IVTLOCK         equ	1113	;# 
   752   00045A                     IVTAD           equ	1114	;# 
   753   00045A                     IVTADL          equ	1114	;# 
   754   00045B                     IVTADH          equ	1115	;# 
   755   00045C                     IVTADU          equ	1116	;# 
   756   00045D                     IVTBASE         equ	1117	;# 
   757   00045D                     IVTBASEL        equ	1117	;# 
   758   00045E                     IVTBASEH        equ	1118	;# 
   759   00045F                     IVTBASEU        equ	1119	;# 
   760   000460                     PWM1ERS         equ	1120	;# 
   761   000461                     PWM1CLK         equ	1121	;# 
   762   000462                     PWM1LDS         equ	1122	;# 
   763   000463                     PWM1PR          equ	1123	;# 
   764   000463                     PWM1PRL         equ	1123	;# 
   765   000464                     PWM1PRH         equ	1124	;# 
   766   000465                     PWM1CPRE        equ	1125	;# 
   767   000466                     PWM1PIPOS       equ	1126	;# 
   768   000467                     PWM1GIR         equ	1127	;# 
   769   000468                     PWM1GIE         equ	1128	;# 
   770   000469                     PWM1CON         equ	1129	;# 
   771   00046A                     PWM1S1CFG       equ	1130	;# 
   772   00046B                     PWM1S1P1        equ	1131	;# 
   773   00046B                     PWM1S1P1L       equ	1131	;# 
   774   00046C                     PWM1S1P1H       equ	1132	;# 
   775   00046D                     PWM1S1P2        equ	1133	;# 
   776   00046D                     PWM1S1P2L       equ	1133	;# 
   777   00046E                     PWM1S1P2H       equ	1134	;# 
   778   00046F                     PWM2ERS         equ	1135	;# 
   779   000470                     PWM2CLK         equ	1136	;# 
   780   000471                     PWM2LDS         equ	1137	;# 
   781   000472                     PWM2PR          equ	1138	;# 
   782   000472                     PWM2PRL         equ	1138	;# 
   783   000473                     PWM2PRH         equ	1139	;# 
   784   000474                     PWM2CPRE        equ	1140	;# 
   785   000475                     PWM2PIPOS       equ	1141	;# 
   786   000476                     PWM2GIR         equ	1142	;# 
   787   000477                     PWM2GIE         equ	1143	;# 
   788   000478                     PWM2CON         equ	1144	;# 
   789   000479                     PWM2S1CFG       equ	1145	;# 
   790   00047A                     PWM2S1P1        equ	1146	;# 
   791   00047A                     PWM2S1P1L       equ	1146	;# 
   792   00047B                     PWM2S1P1H       equ	1147	;# 
   793   00047C                     PWM2S1P2        equ	1148	;# 
   794   00047C                     PWM2S1P2L       equ	1148	;# 
   795   00047D                     PWM2S1P2H       equ	1149	;# 
   796   00047E                     PWM3ERS         equ	1150	;# 
   797   00047F                     PWM3CLK         equ	1151	;# 
   798   000480                     PWM3LDS         equ	1152	;# 
   799   000481                     PWM3PR          equ	1153	;# 
   800   000481                     PWM3PRL         equ	1153	;# 
   801   000482                     PWM3PRH         equ	1154	;# 
   802   000483                     PWM3CPRE        equ	1155	;# 
   803   000484                     PWM3PIPOS       equ	1156	;# 
   804   000485                     PWM3GIR         equ	1157	;# 
   805   000486                     PWM3GIE         equ	1158	;# 
   806   000487                     PWM3CON         equ	1159	;# 
   807   000488                     PWM3S1CFG       equ	1160	;# 
   808   000489                     PWM3S1P1        equ	1161	;# 
   809   000489                     PWM3S1P1L       equ	1161	;# 
   810   00048A                     PWM3S1P1H       equ	1162	;# 
   811   00048B                     PWM3S1P2        equ	1163	;# 
   812   00048B                     PWM3S1P2L       equ	1163	;# 
   813   00048C                     PWM3S1P2H       equ	1164	;# 
   814   00049C                     PWMLOAD         equ	1180	;# 
   815   00049D                     PWMEN           equ	1181	;# 
   816   00049E                     PIE0            equ	1182	;# 
   817   00049F                     PIE1            equ	1183	;# 
   818   0004A0                     PIE2            equ	1184	;# 
   819   0004A1                     PIE3            equ	1185	;# 
   820   0004A2                     PIE4            equ	1186	;# 
   821   0004A3                     PIE5            equ	1187	;# 
   822   0004A4                     PIE6            equ	1188	;# 
   823   0004A5                     PIE7            equ	1189	;# 
   824   0004A6                     PIE8            equ	1190	;# 
   825   0004A7                     PIE9            equ	1191	;# 
   826   0004A8                     PIE10           equ	1192	;# 
   827   0004A9                     PIE11           equ	1193	;# 
   828   0004AA                     PIE12           equ	1194	;# 
   829   0004AB                     PIE13           equ	1195	;# 
   830   0004AC                     PIE14           equ	1196	;# 
   831   0004AD                     PIE15           equ	1197	;# 
   832   0004AE                     PIR0            equ	1198	;# 
   833   0004AF                     PIR1            equ	1199	;# 
   834   0004B0                     PIR2            equ	1200	;# 
   835   0004B1                     PIR3            equ	1201	;# 
   836   0004B2                     PIR4            equ	1202	;# 
   837   0004B3                     PIR5            equ	1203	;# 
   838   0004B4                     PIR6            equ	1204	;# 
   839   0004B5                     PIR7            equ	1205	;# 
   840   0004B6                     PIR8            equ	1206	;# 
   841   0004B7                     PIR9            equ	1207	;# 
   842   0004B8                     PIR10           equ	1208	;# 
   843   0004B9                     PIR11           equ	1209	;# 
   844   0004BA                     PIR12           equ	1210	;# 
   845   0004BB                     PIR13           equ	1211	;# 
   846   0004BC                     PIR14           equ	1212	;# 
   847   0004BD                     PIR15           equ	1213	;# 
   848   0004BE                     LATA            equ	1214	;# 
   849   0004BF                     LATB            equ	1215	;# 
   850   0004C0                     LATC            equ	1216	;# 
   851   0004C1                     LATD            equ	1217	;# 
   852   0004C2                     LATE            equ	1218	;# 
   853   0004C6                     TRISA           equ	1222	;# 
   854   0004C7                     TRISB           equ	1223	;# 
   855   0004C8                     TRISC           equ	1224	;# 
   856   0004C9                     TRISD           equ	1225	;# 
   857   0004CA                     TRISE           equ	1226	;# 
   858   0004CE                     PORTA           equ	1230	;# 
   859   0004CF                     PORTB           equ	1231	;# 
   860   0004D0                     PORTC           equ	1232	;# 
   861   0004D1                     PORTD           equ	1233	;# 
   862   0004D2                     PORTE           equ	1234	;# 
   863   0004D6                     INTCON0         equ	1238	;# 
   864   0004D7                     INTCON1         equ	1239	;# 
   865   0004D8                     STATUS          equ	1240	;# 
   866   0004D9                     FSR2            equ	1241	;# 
   867   0004D9                     FSR2L           equ	1241	;# 
   868   0004DA                     FSR2H           equ	1242	;# 
   869   0004DB                     PLUSW2          equ	1243	;# 
   870   0004DC                     PREINC2         equ	1244	;# 
   871   0004DD                     POSTDEC2        equ	1245	;# 
   872   0004DE                     POSTINC2        equ	1246	;# 
   873   0004DF                     INDF2           equ	1247	;# 
   874   0004E0                     BSR             equ	1248	;# 
   875   0004E1                     FSR1            equ	1249	;# 
   876   0004E1                     FSR1L           equ	1249	;# 
   877   0004E2                     FSR1H           equ	1250	;# 
   878   0004E3                     PLUSW1          equ	1251	;# 
   879   0004E4                     PREINC1         equ	1252	;# 
   880   0004E5                     POSTDEC1        equ	1253	;# 
   881   0004E6                     POSTINC1        equ	1254	;# 
   882   0004E7                     INDF1           equ	1255	;# 
   883   0004E8                     WREG            equ	1256	;# 
   884   0004E9                     FSR0            equ	1257	;# 
   885   0004E9                     FSR0L           equ	1257	;# 
   886   0004EA                     FSR0H           equ	1258	;# 
   887   0004EB                     PLUSW0          equ	1259	;# 
   888   0004EC                     PREINC0         equ	1260	;# 
   889   0004ED                     POSTDEC0        equ	1261	;# 
   890   0004EE                     POSTINC0        equ	1262	;# 
   891   0004EF                     INDF0           equ	1263	;# 
   892   0004F0                     PCON0           equ	1264	;# 
   893   0004F1                     PCON1           equ	1265	;# 
   894   0004F2                     CPUDOZE         equ	1266	;# 
   895   0004F3                     PROD            equ	1267	;# 
   896   0004F3                     PRODL           equ	1267	;# 
   897   0004F4                     PRODH           equ	1268	;# 
   898   0004F5                     TABLAT          equ	1269	;# 
   899   0004F6                     TBLPTR          equ	1270	;# 
   900   0004F6                     TBLPTRL         equ	1270	;# 
   901   0004F7                     TBLPTRH         equ	1271	;# 
   902   0004F8                     TBLPTRU         equ	1272	;# 
   903   0004F9                     PCLAT           equ	1273	;# 
   904   0004F9                     PCL             equ	1273	;# 
   905   0004FA                     PCLATH          equ	1274	;# 
   906   0004FB                     PCLATU          equ	1275	;# 
   907   0004FC                     STKPTR          equ	1276	;# 
   908   0004FD                     TOS             equ	1277	;# 
   909   0004FD                     TOSL            equ	1277	;# 
   910   0004FE                     TOSH            equ	1278	;# 
   911   0004FF                     TOSU            equ	1279	;# 
   912                           
   913                           ; #config settings
   914                           
   915                           	psect	cinit
   916   002602                     __pcinit:
   917                           	callstack 0
   918   002602                     start_initialization:
   919                           	callstack 0
   920   002602                     __initialization:
   921                           	callstack 0
   922   002602                     end_of_initialization:
   923                           	callstack 0
   924   002602                     __end_of__initialization:
   925                           	callstack 0
   926   002602  0100               	movlb	0
   927   002604  EF04  F013         	goto	_main	;jump to C main() function
   928                           
   929                           	psect	cstackCOMRAM
   930   000000                     __pcstackCOMRAM:
   931                           	callstack 0
   932   000000                     
   933                           ; 1 bytes @ 0x0
   934 ;;
   935 ;;Main: autosize = 0, tempsize = 0, incstack = 0, save=0
   936 ;;
   937 ;; *************** function _main *****************
   938 ;; Defined at:
   939 ;;		line 11 in file "main.c"
   940 ;; Parameters:    Size  Location     Type
   941 ;;		None
   942 ;; Auto vars:     Size  Location     Type
   943 ;;		None
   944 ;; Return value:  Size  Location     Type
   945 ;;                  1    wreg      void 
   946 ;; Registers used:
   947 ;;		None
   948 ;; Tracked objects:
   949 ;;		On entry : 0/0
   950 ;;		On exit  : 0/0
   951 ;;		Unchanged: 0/0
   952 ;; Data sizes:     COMRAM   BANK5   BANK6   BANK7   BANK8   BANK9  BANK10  BANK11  BANK12  BANK13  BANK14  BANK15  BANK1
      +6  BANK17  BANK18  BANK19  BANK20  BANK21  BANK22  BANK23  BANK24  BANK25  BANK26  BANK27  BANK28  BANK29  BANK30  BANK3
      +1  BANK32  BANK33  BANK34  BANK35  BANK36
   953 ;;      Params:         0       0       0       0       0       0       0       0       0       0       0       0       
      +0       0       0       0       0       0       0       0       0       0       0       0       0       0       0       
      +0       0       0       0       0       0
   954 ;;      Locals:         0       0       0       0       0       0       0       0       0       0       0       0       
      +0       0       0       0       0       0       0       0       0       0       0       0       0       0       0       
      +0       0       0       0       0       0
   955 ;;      Temps:          0       0       0       0       0       0       0       0       0       0       0       0       
      +0       0       0       0       0       0       0       0       0       0       0       0       0       0       0       
      +0       0       0       0       0       0
   956 ;;      Totals:         0       0       0       0       0       0       0       0       0       0       0       0       
      +0       0       0       0       0       0       0       0       0       0       0       0       0       0       0       
      +0       0       0       0       0       0
   957 ;;Total ram usage:        0 bytes
   958 ;; This function calls:
   959 ;;		Nothing
   960 ;; This function is called by:
   961 ;;		Startup code after reset
   962 ;; This function uses a non-reentrant model
   963 ;;
   964                           
   965                           	psect	text0
   966   002608                     __ptext0:
   967                           	callstack 0
   968   002608                     _main:
   969                           	callstack 127
   970   002608  EFFE  F0FF         	goto	start
   971   00260C                     __end_of_main:
   972                           	callstack 0
   973                           
   974                           	psect	smallconst
   975   002600                     __psmallconst:
   976                           	callstack 0
   977   002600  00                 	db	0
   978   002601  00                 	db	0	; dummy byte at the end
   979   002600                     __smallconst    set	__psmallconst
   980   002600                     __mediumconst   set	__psmallconst
   981   000000                     __activetblptr  equ	0
   982                           
   983                           	psect	rparam
   984   000001                     ___rparam_used  equ	1
   985   000000                     ___param_bank   equ	0
   986   000000                     __Lparam        equ	__Lrparam
   987   000000                     __Hparam        equ	__Hrparam
   988                           tosu	equ	0x4FF
   989                           tosh	equ	0x4FE
   990                           tosl	equ	0x4FD
   991                           stkptr	equ	0x4FC
   992                           pclatu	equ	0x4FB
   993                           pclath	equ	0x4FA
   994                           pcl	equ	0x4F9
   995                           tblptru	equ	0x4F8
   996                           tblptrh	equ	0x4F7
   997                           tblptrl	equ	0x4F6
   998                           tablat	equ	0x4F5
   999                           prodh	equ	0x4F4
  1000                           prodl	equ	0x4F3
  1001                           indf0	equ	0x4EF
  1002                           postinc0	equ	0x4EE
  1003                           postdec0	equ	0x4ED
  1004                           preinc0	equ	0x4EC
  1005                           plusw0	equ	0x4EB
  1006                           fsr0h	equ	0x4EA
  1007                           fsr0l	equ	0x4E9
  1008                           wreg	equ	0x4E8
  1009                           indf1	equ	0x4E7
  1010                           postinc1	equ	0x4E6
  1011                           postdec1	equ	0x4E5
  1012                           preinc1	equ	0x4E4
  1013                           plusw1	equ	0x4E3
  1014                           fsr1h	equ	0x4E2
  1015                           fsr1l	equ	0x4E1
  1016                           bsr	equ	0x4E0
  1017                           indf2	equ	0x4DF
  1018                           postinc2	equ	0x4DE
  1019                           postdec2	equ	0x4DD
  1020                           preinc2	equ	0x4DC
  1021                           plusw2	equ	0x4DB
  1022                           fsr2h	equ	0x4DA
  1023                           fsr2l	equ	0x4D9
  1024                           status	equ	0x4D8

Data Sizes:
    Strings     0
    Constant    0
    Data        0
    BSS         0
    Persistent  0
    Stack       0

Auto Spaces:
    Space          Size  Autos    Used
    COMRAM           95      0       0
    BANK5           160      0       0
    BANK6           256      0       0
    BANK7           256      0       0
    BANK8           256      0       0
    BANK9           256      0       0
    BANK10          256      0       0
    BANK11          256      0       0
    BANK12          256      0       0
    BANK13          256      0       0
    BANK14          256      0       0
    BANK15          256      0       0
    BANK16          256      0       0
    BANK17          256      0       0
    BANK18          256      0       0
    BANK19          256      0       0
    BANK20          256      0       0
    BANK21          256      0       0
    BANK22          256      0       0
    BANK23          256      0       0
    BANK24          256      0       0
    BANK25          256      0       0
    BANK26          256      0       0
    BANK27          256      0       0
    BANK28          256      0       0
    BANK29          256      0       0
    BANK30          256      0       0
    BANK31          256      0       0
    BANK32          256      0       0
    BANK33          256      0       0
    BANK34          256      0       0
    BANK35          256      0       0
    BANK36          256      0       0

Pointer List with Targets:

    None.

Critical Paths under _main in COMRAM

    None.

Critical Paths under _main in BANK5

    None.

Critical Paths under _main in BANK6

    None.

Critical Paths under _main in BANK7

    None.

Critical Paths under _main in BANK8

    None.

Critical Paths under _main in BANK9

    None.

Critical Paths under _main in BANK10

    None.

Critical Paths under _main in BANK11

    None.

Critical Paths under _main in BANK12

    None.

Critical Paths under _main in BANK13

    None.

Critical Paths under _main in BANK14

    None.

Critical Paths under _main in BANK15

    None.

Critical Paths under _main in BANK16

    None.

Critical Paths under _main in BANK17

    None.

Critical Paths under _main in BANK18

    None.

Critical Paths under _main in BANK19

    None.

Critical Paths under _main in BANK20

    None.

Critical Paths under _main in BANK21

    None.

Critical Paths under _main in BANK22

    None.

Critical Paths under _main in BANK23

    None.

Critical Paths under _main in BANK24

    None.

Critical Paths under _main in BANK25

    None.

Critical Paths under _main in BANK26

    None.

Critical Paths under _main in BANK27

    None.

Critical Paths under _main in BANK28

    None.

Critical Paths under _main in BANK29

    None.

Critical Paths under _main in BANK30

    None.

Critical Paths under _main in BANK31

    None.

Critical Paths under _main in BANK32

    None.

Critical Paths under _main in BANK33

    None.

Critical Paths under _main in BANK34

    None.

Critical Paths under _main in BANK35

    None.

Critical Paths under _main in BANK36

    None.

Call Graph Tables:

 ---------------------------------------------------------------------------------
 (Depth) Function   	        Calls       Base Space   Used Autos Params    Refs
 ---------------------------------------------------------------------------------
 (0) _main                                                 0     0      0       0
 ---------------------------------------------------------------------------------
 Estimated maximum stack depth 0
 ---------------------------------------------------------------------------------

 Call Graph Graphs:

 _main (ROOT)

Address spaces:
Name               Size   Autos  Total    Usage
BITCOMRAM           95      0       0      0.0%
BITBANK5           160      0       0      0.0%
BITBANK6           256      0       0      0.0%
BITBANK7           256      0       0      0.0%
BITBANK8           256      0       0      0.0%
BITBANK9           256      0       0      0.0%
BITBANK10          256      0       0      0.0%
BITBANK11          256      0       0      0.0%
BITBANK12          256      0       0      0.0%
BITBANK13          256      0       0      0.0%
BITBANK14          256      0       0      0.0%
BITBANK15          256      0       0      0.0%
BITBANK16          256      0       0      0.0%
BITBANK17          256      0       0      0.0%
BITBANK18          256      0       0      0.0%
BITBANK19          256      0       0      0.0%
BITBANK20          256      0       0      0.0%
BITBANK21          256      0       0      0.0%
BITBANK22          256      0       0      0.0%
BITBANK23          256      0       0      0.0%
BITBANK24          256      0       0      0.0%
BITBANK25          256      0       0      0.0%
BITBANK26          256      0       0      0.0%
BITBANK27          256      0       0      0.0%
BITBANK28          256      0       0      0.0%
BITBANK29          256      0       0      0.0%
BITBANK30          256      0       0      0.0%
BITBANK31          256      0       0      0.0%
BITBANK32          256      0       0      0.0%
BITBANK33          256      0       0      0.0%
BITBANK34          256      0       0      0.0%
BITBANK35          256      0       0      0.0%
BITBANK36          256      0       0      0.0%
BITBIGSFR         1280      0       0      0.0%
BITBIGSFR_1        256      0       0      0.0%
COMRAM              95      0       0      0.0%
BANK5              160      0       0      0.0%
BANK6              256      0       0      0.0%
BANK7              256      0       0      0.0%
BANK8              256      0       0      0.0%
BANK9              256      0       0      0.0%
BANK10             256      0       0      0.0%
BANK11             256      0       0      0.0%
BANK12             256      0       0      0.0%
BANK13             256      0       0      0.0%
BANK14             256      0       0      0.0%
BANK15             256      0       0      0.0%
BANK16             256      0       0      0.0%
BANK17             256      0       0      0.0%
BANK18             256      0       0      0.0%
BANK19             256      0       0      0.0%
BANK20             256      0       0      0.0%
BANK21             256      0       0      0.0%
BANK22             256      0       0      0.0%
BANK23             256      0       0      0.0%
BANK24             256      0       0      0.0%
BANK25             256      0       0      0.0%
BANK26             256      0       0      0.0%
BANK27             256      0       0      0.0%
BANK28             256      0       0      0.0%
BANK29             256      0       0      0.0%
BANK30             256      0       0      0.0%
BANK31             256      0       0      0.0%
BANK32             256      0       0      0.0%
BANK33             256      0       0      0.0%
BANK34             256      0       0      0.0%
BANK35             256      0       0      0.0%
BANK36             256      0       0      0.0%
BIGRAM            8191      0       0      0.0%
STACK                0      0       0      0.0%
DATA                 0      0       0      0.0%


Microchip Technology PIC18 Macro Assembler V3.00 build 20241204225717 
Symbol Table                                                                                   Tue Jul 29 14:29:50 2025

                      l5 2608                      l681 2608                     _main 2608  
                   start FFFC             ___param_bank 0000                    ?_main 0000  
        __initialization 2602             __end_of_main 260C                   ??_main 0000  
          __activetblptr 0000                   isa$std 0001             __mediumconst 2600  
             __accesstop 0560  __end_of__initialization 2602            ___rparam_used 0001  
         __pcstackCOMRAM 0000                  __Hparam 0000                  __Lparam 0000  
           __psmallconst 2600                  __pcinit 2602                  __ramtop 2600  
                __ptext0 2608     end_of_initialization 2602      start_initialization 2602  
            __smallconst 2600                 __Hrparam 0000                 __Lrparam 0000  
               isa$xinst 0000  
